{"/home/iqbalelham/microverse/Test_pract/calculator.js": {"path":"/home/iqbalelham/microverse/Test_pract/calculator.js","statementMap":{"0":{"start":{"line":2,"column":8},"end":{"line":2,"column":20}},"1":{"start":{"line":2,"column":17},"end":{"line":2,"column":20}},"2":{"start":{"line":3,"column":8},"end":{"line":3,"column":20}},"3":{"start":{"line":3,"column":17},"end":{"line":3,"column":20}},"4":{"start":{"line":4,"column":8},"end":{"line":4,"column":20}},"5":{"start":{"line":4,"column":17},"end":{"line":4,"column":20}},"6":{"start":{"line":5,"column":8},"end":{"line":5,"column":20}},"7":{"start":{"line":5,"column":17},"end":{"line":5,"column":20}},"8":{"start":{"line":8,"column":0},"end":{"line":8,"column":27}}},"fnMap":{"0":{"name":"(anonymous_0)","decl":{"start":{"line":2,"column":8},"end":{"line":2,"column":9}},"loc":{"start":{"line":2,"column":17},"end":{"line":2,"column":20}},"line":2},"1":{"name":"(anonymous_1)","decl":{"start":{"line":3,"column":8},"end":{"line":3,"column":9}},"loc":{"start":{"line":3,"column":17},"end":{"line":3,"column":20}},"line":3},"2":{"name":"(anonymous_2)","decl":{"start":{"line":4,"column":8},"end":{"line":4,"column":9}},"loc":{"start":{"line":4,"column":17},"end":{"line":4,"column":20}},"line":4},"3":{"name":"(anonymous_3)","decl":{"start":{"line":5,"column":8},"end":{"line":5,"column":9}},"loc":{"start":{"line":5,"column":17},"end":{"line":5,"column":20}},"line":5}},"branchMap":{},"s":{"0":1,"1":1,"2":1,"3":1,"4":1,"5":1,"6":1,"7":1,"8":1},"f":{"0":1,"1":1,"2":1,"3":1},"b":{},"_coverageSchema":"1a1c01bbd47fc00a2c39e90264f33305004495a9","hash":"1be78e80903c94d59871f2a9290ee5f3ae8ef025"}
,"/home/iqbalelham/microverse/Test_pract/capitalize.js": {"path":"/home/iqbalelham/microverse/Test_pract/capitalize.js","statementMap":{"0":{"start":{"line":1,"column":19},"end":{"line":1,"column":70}},"1":{"start":{"line":1,"column":28},"end":{"line":1,"column":70}},"2":{"start":{"line":3,"column":0},"end":{"line":3,"column":27}}},"fnMap":{"0":{"name":"(anonymous_0)","decl":{"start":{"line":1,"column":19},"end":{"line":1,"column":20}},"loc":{"start":{"line":1,"column":28},"end":{"line":1,"column":70}},"line":1}},"branchMap":{},"s":{"0":1,"1":1,"2":1},"f":{"0":1},"b":{},"_coverageSchema":"1a1c01bbd47fc00a2c39e90264f33305004495a9","hash":"7355047f07da998a9e131dcbab4a4b7d8ff39381"}
,"/home/iqbalelham/microverse/Test_pract/reverse_string.js": {"path":"/home/iqbalelham/microverse/Test_pract/reverse_string.js","statementMap":{"0":{"start":{"line":1,"column":20},"end":{"line":1,"column":61}},"1":{"start":{"line":1,"column":29},"end":{"line":1,"column":61}},"2":{"start":{"line":3,"column":0},"end":{"line":3,"column":28}}},"fnMap":{"0":{"name":"(anonymous_0)","decl":{"start":{"line":1,"column":20},"end":{"line":1,"column":21}},"loc":{"start":{"line":1,"column":29},"end":{"line":1,"column":61}},"line":1}},"branchMap":{},"s":{"0":1,"1":1,"2":1},"f":{"0":1},"b":{},"_coverageSchema":"1a1c01bbd47fc00a2c39e90264f33305004495a9","hash":"d6498f5a684872c58315ad422997e1578a9a39fa"}
,"/home/iqbalelham/microverse/Test_pract/string_length.js": {"path":"/home/iqbalelham/microverse/Test_pract/string_length.js","statementMap":{"0":{"start":{"line":1,"column":16},"end":{"line":10,"column":1}},"1":{"start":{"line":2,"column":2},"end":{"line":9,"column":3}},"2":{"start":{"line":4,"column":4},"end":{"line":4,"column":22}},"3":{"start":{"line":8,"column":4},"end":{"line":8,"column":45}},"4":{"start":{"line":11,"column":0},"end":{"line":11,"column":24}}},"fnMap":{"0":{"name":"(anonymous_0)","decl":{"start":{"line":1,"column":16},"end":{"line":1,"column":17}},"loc":{"start":{"line":1,"column":25},"end":{"line":10,"column":1}},"line":1}},"branchMap":{"0":{"loc":{"start":{"line":2,"column":2},"end":{"line":9,"column":3}},"type":"if","locations":[{"start":{"line":2,"column":2},"end":{"line":9,"column":3}},{"start":{"line":7,"column":2},"end":{"line":9,"column":3}}],"line":2},"1":{"loc":{"start":{"line":2,"column":6},"end":{"line":2,"column":40}},"type":"binary-expr","locations":[{"start":{"line":2,"column":6},"end":{"line":2,"column":20}},{"start":{"line":2,"column":25},"end":{"line":2,"column":40}}],"line":2}},"s":{"0":1,"1":3,"2":1,"3":2,"4":1},"f":{"0":3},"b":{"0":[1,2],"1":[3,2]},"_coverageSchema":"1a1c01bbd47fc00a2c39e90264f33305004495a9","hash":"e97581bd0ee17f9f663edcc38e6926c4e0dab3bc"}
}
